c:\nqueens\dll\debug\vc140.pdb
c:\nqueens\dll\debug\vc140.idb
c:\nqueens\dll\debug\dll.obj
c:\nqueens\debug\dll.lib
c:\nqueens\debug\dll.exp
c:\nqueens\debug\dll.pdb
c:\nqueens\dll\debug\dll.tlog\cl.command.1.tlog
c:\nqueens\dll\debug\dll.tlog\cl.read.1.tlog
c:\nqueens\dll\debug\dll.tlog\cl.write.1.tlog
c:\nqueens\dll\debug\dll.tlog\dll.write.1u.tlog
c:\nqueens\dll\debug\dll.tlog\link-cvtres.read.1.tlog
c:\nqueens\dll\debug\dll.tlog\link-cvtres.write.1.tlog
c:\nqueens\dll\debug\dll.tlog\link-rc.read.1.tlog
c:\nqueens\dll\debug\dll.tlog\link-rc.write.1.tlog
c:\nqueens\dll\debug\dll.tlog\link.6464-cvtres.read.1.tlog
c:\nqueens\dll\debug\dll.tlog\link.6464-cvtres.write.1.tlog
c:\nqueens\dll\debug\dll.tlog\link.6464-rc.read.1.tlog
c:\nqueens\dll\debug\dll.tlog\link.6464-rc.write.1.tlog
c:\nqueens\dll\debug\dll.tlog\link.6464.read.1.tlog
c:\nqueens\dll\debug\dll.tlog\link.6464.write.1.tlog
c:\nqueens\dll\debug\dll.tlog\link.command.1.tlog
c:\nqueens\dll\debug\dll.tlog\link.read.1.tlog
c:\nqueens\dll\debug\dll.tlog\link.write.1.tlog
